<?xml version="1.0" encoding="UTF-8"?>
<!-- Generated by org.testng.reporters.JUnitReportReporter -->
<testsuite hostname="DESKTOP-EI2RFBM" failures="0" tests="1" name="testNgpkg.Amazoncart" time="66.803" errors="0" timestamp="2023-12-05T20:46:22 IST" skipped="0">
  <testcase classname="testNgpkg.Amazoncart" name="windowHandels" time="66.803"/>
  <system-out/>
</testsuite> <!-- testNgpkg.Amazoncart -->
