<?xml version="1.0" encoding="UTF-8"?>
<!-- Generated by org.testng.reporters.JUnitReportReporter -->
<testsuite hostname="DESKTOP-EI2RFBM" failures="0" tests="1" name="testNgpkg.Justdial" time="50.520" errors="0" timestamp="2023-11-27T12:10:31 IST" skipped="0">
  <testcase classname="testNgpkg.Justdial" name="test" time="50.520"/>
  <system-out/>
</testsuite> <!-- testNgpkg.Justdial -->
