<?xml version="1.0" encoding="UTF-8"?>
<!-- Generated by org.testng.reporters.JUnitReportReporter -->
<testsuite hostname="DESKTOP-EI2RFBM" failures="0" tests="1" name="testNgpkg.Copypaste" time="1.345" errors="0" timestamp="2023-11-14T23:26:36 IST" skipped="0">
  <testcase classname="testNgpkg.Copypaste" name="test" time="1.345"/>
  <system-out/>
</testsuite> <!-- testNgpkg.Copypaste -->
