<?xml version="1.0" encoding="UTF-8"?>
<!-- Generated by org.testng.reporters.JUnitReportReporter -->
<testsuite hostname="DESKTOP-EI2RFBM" failures="0" tests="1" name="testNgpkg.Windowhandler" time="24.526" errors="0" timestamp="2023-12-05T20:39:12 IST" skipped="0">
  <testcase classname="testNgpkg.Windowhandler" name="test" time="24.526"/>
  <system-out/>
</testsuite> <!-- testNgpkg.Windowhandler -->
