<?xml version="1.0" encoding="UTF-8"?>
<!-- Generated by org.testng.reporters.JUnitReportReporter -->
<testsuite hostname="DESKTOP-EI2RFBM" failures="0" tests="1" name="testNgpkg.Datadriventest" time="21.305" errors="0" timestamp="2023-11-27T13:09:33 IST" skipped="0">
  <testcase classname="testNgpkg.Datadriventest" name="test" time="21.305"/>
  <system-out/>
</testsuite> <!-- testNgpkg.Datadriventest -->
