<?xml version="1.0" encoding="UTF-8"?>
<!-- Generated by org.testng.reporters.JUnitReportReporter -->
<testsuite hostname="DESKTOP-EI2RFBM" failures="0" tests="1" name="testNgpkg.Fileupload" time="4.186" errors="0" timestamp="2023-11-17T11:58:31 IST" skipped="0">
  <testcase classname="testNgpkg.Fileupload" name="test" time="4.186"/>
  <system-out/>
</testsuite> <!-- testNgpkg.Fileupload -->
