<?xml version="1.0" encoding="UTF-8"?>
<!-- Generated by org.testng.reporters.JUnitReportReporter -->
<testsuite hostname="DESKTOP-EI2RFBM" failures="0" tests="4" name="testNgpkg.TestNgDemo" time="0.421" errors="0" timestamp="2023-11-14T22:04:46 IST" skipped="0">
  <testcase classname="testNgpkg.TestNgDemo" name="test3" time="0.010"/>
  <system-out/>
  <testcase classname="testNgpkg.TestNgDemo" name="test5" time="0.007"/>
  <system-out/>
  <testcase classname="testNgpkg.TestNgDemo" name="test1" time="0.053"/>
  <system-out/>
  <testcase classname="testNgpkg.TestNgDemo" name="test2" time="0.351"/>
  <system-out/>
</testsuite> <!-- testNgpkg.TestNgDemo -->
