<?xml version="1.0" encoding="UTF-8"?>
<!-- Generated by org.testng.reporters.JUnitReportReporter -->
<testsuite hostname="DESKTOP-EI2RFBM" failures="0" tests="3" name="testNgpkg.Crossbrowsertesting" time="46.338" errors="0" timestamp="2023-11-15T13:41:55 IST" skipped="0">
  <testcase classname="testNgpkg.Crossbrowsertesting" name="test" time="22.429"/>
  <system-out/>
  <testcase classname="testNgpkg.Crossbrowsertesting" name="test" time="6.023"/>
  <system-out/>
  <testcase classname="testNgpkg.Crossbrowsertesting" name="test" time="17.886"/>
  <system-out/>
</testsuite> <!-- testNgpkg.Crossbrowsertesting -->
