<?xml version="1.0" encoding="UTF-8"?>
<!-- Generated by org.testng.reporters.JUnitReportReporter -->
<testsuite hostname="DESKTOP-EI2RFBM" failures="0" tests="2" name="testNgpkg.Automationexercise" time="34.470" errors="0" timestamp="2023-11-16T13:56:31 IST" skipped="0">
  <testcase classname="testNgpkg.Automationexercise" name="test" time="28.251"/>
  <system-out/>
  <testcase classname="testNgpkg.Automationexercise" name="test1" time="6.219"/>
  <system-out/>
</testsuite> <!-- testNgpkg.Automationexercise -->
