<?xml version="1.0" encoding="UTF-8"?>
<!-- Generated by org.testng.reporters.JUnitReportReporter -->
<testsuite hostname="DESKTOP-EI2RFBM" failures="0" tests="1" name="testNgpkg.Parameterisation" time="0.036" errors="0" timestamp="2023-11-14T22:19:59 IST" skipped="0">
  <testcase classname="testNgpkg.Parameterisation" name="test" time="0.036"/>
  <system-out/>
</testsuite> <!-- testNgpkg.Parameterisation -->
