<?xml version="1.0" encoding="UTF-8"?>
<!-- Generated by org.testng.reporters.JUnitReportReporter -->
<testsuite hostname="DESKTOP-EI2RFBM" failures="0" tests="1" name="testNgpkg.Fb" time="2.026" errors="0" timestamp="2023-11-14T22:52:25 IST" skipped="0">
  <testcase classname="testNgpkg.Fb" name="test" time="2.026"/>
  <system-out/>
</testsuite> <!-- testNgpkg.Fb -->
