<?xml version="1.0" encoding="UTF-8"?>
<!-- Generated by org.testng.reporters.JUnitReportReporter -->
<testsuite hostname="DESKTOP-EI2RFBM" failures="0" tests="1" name="testNgpkg.ExtendedReports" time="10.467" errors="0" timestamp="2023-12-05T23:11:37 IST" skipped="0">
  <testcase classname="testNgpkg.ExtendedReports" name="fbtitleverification" time="10.467"/>
  <system-out/>
</testsuite> <!-- testNgpkg.ExtendedReports -->
