<?xml version="1.0" encoding="UTF-8"?>
<!-- Generated by org.testng.reporters.JUnitReportReporter -->
<testsuite hostname="DESKTOP-EI2RFBM" failures="0" tests="1" name="testNgpkg.Logopgm" time="0.542" errors="0" timestamp="2023-11-14T23:06:54 IST" skipped="0">
  <testcase classname="testNgpkg.Logopgm" name="test" time="0.542"/>
  <system-out/>
</testsuite> <!-- testNgpkg.Logopgm -->
