<?xml version="1.0" encoding="UTF-8"?>
<!-- Generated by org.testng.reporters.JUnitReportReporter -->
<testsuite hostname="DESKTOP-EI2RFBM" failures="0" tests="1" name="testNgpkg.Screenshot" time="2.670" errors="0" timestamp="2023-11-27T12:01:46 IST" skipped="0">
  <testcase classname="testNgpkg.Screenshot" name="test" time="2.670"/>
  <system-out/>
</testsuite> <!-- testNgpkg.Screenshot -->
