<?xml version="1.0" encoding="UTF-8"?>
<!-- Generated by org.testng.reporters.JUnitReportReporter -->
<testsuite hostname="DESKTOP-EI2RFBM" failures="0" tests="1" name="testNgpkg.Fileuploadrobot" time="7.338" errors="0" timestamp="2023-11-17T12:34:56 IST" skipped="0">
  <testcase classname="testNgpkg.Fileuploadrobot" name="fileuploadpgm" time="7.338"/>
  <system-out/>
</testsuite> <!-- testNgpkg.Fileuploadrobot -->
