<?xml version="1.0" encoding="UTF-8"?>
<!-- Generated by org.testng.reporters.JUnitReportReporter -->
<testsuite hostname="DESKTOP-EI2RFBM" failures="0" tests="1" name="testNgpkg.Assertpgm" time="3.414" errors="0" timestamp="2023-12-05T21:47:49 IST" skipped="0">
  <testcase classname="testNgpkg.Assertpgm" name="test" time="3.414"/>
  <system-out/>
</testsuite> <!-- testNgpkg.Assertpgm -->
