<?xml version="1.0" encoding="UTF-8"?>
<!-- Generated by org.testng.reporters.JUnitReportReporter -->
<testsuite hostname="DESKTOP-EI2RFBM" failures="0" tests="1" name="testNgpkg.Doubleandrightclick" time="4.608" errors="0" timestamp="2023-11-26T20:34:43 IST" skipped="0">
  <testcase classname="testNgpkg.Doubleandrightclick" name="test" time="4.608"/>
  <system-out/>
</testsuite> <!-- testNgpkg.Doubleandrightclick -->
