<?xml version="1.0" encoding="UTF-8"?>
<!-- Generated by org.testng.reporters.JUnitReportReporter -->
<testsuite hostname="DESKTOP-EI2RFBM" failures="0" tests="1" name="testNgpkg.Draganddrop" time="5.757" errors="0" timestamp="2023-11-15T00:24:03 IST" skipped="0">
  <testcase classname="testNgpkg.Draganddrop" name="test" time="5.757"/>
  <system-out/>
</testsuite> <!-- testNgpkg.Draganddrop -->
